{"C:\\Users\\tejas\\Documents\\Chat Gpt\\MERN Projects\\Todo App\\Mern-Todo-App\\index.js": {"path":"C:\\Users\\tejas\\Documents\\Chat Gpt\\MERN Projects\\Todo App\\Mern-Todo-App\\index.js","statementMap":{"0":{"start":{"line":1,"column":16},"end":{"line":1,"column":34}},"1":{"start":{"line":2,"column":15},"end":{"line":2,"column":32}},"2":{"start":{"line":3,"column":13},"end":{"line":3,"column":28}},"3":{"start":{"line":4,"column":19},"end":{"line":4,"column":41}},"4":{"start":{"line":5,"column":17},"end":{"line":5,"column":36}},"5":{"start":{"line":6,"column":19},"end":{"line":6,"column":49}},"6":{"start":{"line":8,"column":0},"end":{"line":8,"column":16}},"7":{"start":{"line":10,"column":12},"end":{"line":10,"column":21}},"8":{"start":{"line":11,"column":13},"end":{"line":11,"column":37}},"9":{"start":{"line":13,"column":2},"end":{"line":13,"column":100}},"10":{"start":{"line":15,"column":0},"end":{"line":15,"column":16}},"11":{"start":{"line":16,"column":0},"end":{"line":16,"column":27}},"12":{"start":{"line":18,"column":0},"end":{"line":21,"column":67}},"13":{"start":{"line":20,"column":14},"end":{"line":20,"column":59}},"14":{"start":{"line":21,"column":18},"end":{"line":21,"column":65}},"15":{"start":{"line":23,"column":0},"end":{"line":23,"column":34}},"16":{"start":{"line":25,"column":0},"end":{"line":27,"column":3}},"17":{"start":{"line":26,"column":2},"end":{"line":26,"column":48}},"18":{"start":{"line":29,"column":0},"end":{"line":29,"column":21}}},"fnMap":{"0":{"name":"(anonymous_0)","decl":{"start":{"line":20,"column":8},"end":{"line":20,"column":9}},"loc":{"start":{"line":20,"column":14},"end":{"line":20,"column":59}},"line":20},"1":{"name":"(anonymous_1)","decl":{"start":{"line":21,"column":9},"end":{"line":21,"column":10}},"loc":{"start":{"line":21,"column":18},"end":{"line":21,"column":65}},"line":21},"2":{"name":"(anonymous_2)","decl":{"start":{"line":25,"column":17},"end":{"line":25,"column":18}},"loc":{"start":{"line":25,"column":23},"end":{"line":27,"column":1}},"line":25}},"branchMap":{"0":{"loc":{"start":{"line":11,"column":13},"end":{"line":11,"column":37}},"type":"binary-expr","locations":[{"start":{"line":11,"column":13},"end":{"line":11,"column":29}},{"start":{"line":11,"column":33},"end":{"line":11,"column":37}}],"line":11}},"s":{"0":1,"1":1,"2":1,"3":1,"4":1,"5":1,"6":1,"7":1,"8":1,"9":1,"10":1,"11":1,"12":1,"13":1,"14":0,"15":1,"16":1,"17":1,"18":1},"f":{"0":1,"1":0,"2":1},"b":{"0":[1,1]},"_coverageSchema":"1a1c01bbd47fc00a2c39e90264f33305004495a9","hash":"0a4cb6f885ac52eef48844029622224b6a8074bb"}
,"C:\\Users\\tejas\\Documents\\Chat Gpt\\MERN Projects\\Todo App\\Mern-Todo-App\\models\\todo.js": {"path":"C:\\Users\\tejas\\Documents\\Chat Gpt\\MERN Projects\\Todo App\\Mern-Todo-App\\models\\todo.js","statementMap":{"0":{"start":{"line":1,"column":17},"end":{"line":1,"column":36}},"1":{"start":{"line":3,"column":19},"end":{"line":8,"column":2}},"2":{"start":{"line":10,"column":13},"end":{"line":10,"column":47}},"3":{"start":{"line":12,"column":0},"end":{"line":12,"column":21}}},"fnMap":{},"branchMap":{},"s":{"0":1,"1":1,"2":1,"3":1},"f":{},"b":{},"_coverageSchema":"1a1c01bbd47fc00a2c39e90264f33305004495a9","hash":"64c9119d60aecb465974d6a2198deddb287616d7"}
,"C:\\Users\\tejas\\Documents\\Chat Gpt\\MERN Projects\\Todo App\\Mern-Todo-App\\routes\\todoRoutes.js": {"path":"C:\\Users\\tejas\\Documents\\Chat Gpt\\MERN Projects\\Todo App\\Mern-Todo-App\\routes\\todoRoutes.js","statementMap":{"0":{"start":{"line":1,"column":16},"end":{"line":1,"column":34}},"1":{"start":{"line":2,"column":13},"end":{"line":2,"column":38}},"2":{"start":{"line":3,"column":16},"end":{"line":3,"column":42}},"3":{"start":{"line":5,"column":15},"end":{"line":5,"column":31}},"4":{"start":{"line":8,"column":0},"end":{"line":19,"column":3}},"5":{"start":{"line":9,"column":2},"end":{"line":17,"column":3}},"6":{"start":{"line":10,"column":4},"end":{"line":10,"column":44}},"7":{"start":{"line":11,"column":21},"end":{"line":11,"column":38}},"8":{"start":{"line":12,"column":4},"end":{"line":12,"column":50}},"9":{"start":{"line":13,"column":4},"end":{"line":13,"column":35}},"10":{"start":{"line":15,"column":4},"end":{"line":15,"column":57}},"11":{"start":{"line":16,"column":4},"end":{"line":16,"column":74}},"12":{"start":{"line":18,"column":2},"end":{"line":18,"column":40}},"13":{"start":{"line":22,"column":0},"end":{"line":37,"column":3}},"14":{"start":{"line":23,"column":2},"end":{"line":23,"column":43}},"15":{"start":{"line":24,"column":2},"end":{"line":35,"column":3}},"16":{"start":{"line":25,"column":22},"end":{"line":25,"column":30}},"17":{"start":{"line":26,"column":18},"end":{"line":26,"column":37}},"18":{"start":{"line":27,"column":4},"end":{"line":27,"column":53}},"19":{"start":{"line":28,"column":4},"end":{"line":28,"column":35}},"20":{"start":{"line":29,"column":4},"end":{"line":29,"column":47}},"21":{"start":{"line":30,"column":4},"end":{"line":30,"column":34}},"22":{"start":{"line":32,"column":4},"end":{"line":32,"column":57}},"23":{"start":{"line":33,"column":4},"end":{"line":33,"column":53}},"24":{"start":{"line":34,"column":4},"end":{"line":34,"column":63}},"25":{"start":{"line":36,"column":2},"end":{"line":36,"column":41}},"26":{"start":{"line":40,"column":0},"end":{"line":67,"column":3}},"27":{"start":{"line":41,"column":2},"end":{"line":41,"column":45}},"28":{"start":{"line":42,"column":2},"end":{"line":65,"column":3}},"29":{"start":{"line":43,"column":35},"end":{"line":43,"column":43}},"30":{"start":{"line":44,"column":4},"end":{"line":46,"column":7}},"31":{"start":{"line":48,"column":22},"end":{"line":48,"column":45}},"32":{"start":{"line":50,"column":4},"end":{"line":52,"column":5}},"33":{"start":{"line":51,"column":6},"end":{"line":51,"column":65}},"34":{"start":{"line":54,"column":4},"end":{"line":54,"column":46}},"35":{"start":{"line":55,"column":4},"end":{"line":59,"column":6}},"36":{"start":{"line":60,"column":4},"end":{"line":60,"column":65}},"37":{"start":{"line":61,"column":4},"end":{"line":61,"column":38}},"38":{"start":{"line":63,"column":4},"end":{"line":63,"column":57}},"39":{"start":{"line":64,"column":4},"end":{"line":64,"column":63}},"40":{"start":{"line":66,"column":2},"end":{"line":66,"column":43}},"41":{"start":{"line":70,"column":0},"end":{"line":80,"column":3}},"42":{"start":{"line":71,"column":2},"end":{"line":71,"column":48}},"43":{"start":{"line":72,"column":2},"end":{"line":78,"column":3}},"44":{"start":{"line":73,"column":4},"end":{"line":73,"column":48}},"45":{"start":{"line":74,"column":4},"end":{"line":74,"column":67}},"46":{"start":{"line":76,"column":4},"end":{"line":76,"column":57}},"47":{"start":{"line":77,"column":4},"end":{"line":77,"column":61}},"48":{"start":{"line":79,"column":2},"end":{"line":79,"column":46}},"49":{"start":{"line":82,"column":0},"end":{"line":82,"column":24}}},"fnMap":{"0":{"name":"(anonymous_0)","decl":{"start":{"line":8,"column":16},"end":{"line":8,"column":17}},"loc":{"start":{"line":8,"column":36},"end":{"line":19,"column":1}},"line":8},"1":{"name":"(anonymous_1)","decl":{"start":{"line":22,"column":17},"end":{"line":22,"column":18}},"loc":{"start":{"line":22,"column":37},"end":{"line":37,"column":1}},"line":22},"2":{"name":"(anonymous_2)","decl":{"start":{"line":40,"column":16},"end":{"line":40,"column":17}},"loc":{"start":{"line":40,"column":36},"end":{"line":67,"column":1}},"line":40},"3":{"name":"(anonymous_3)","decl":{"start":{"line":70,"column":22},"end":{"line":70,"column":23}},"loc":{"start":{"line":70,"column":42},"end":{"line":80,"column":1}},"line":70}},"branchMap":{"0":{"loc":{"start":{"line":50,"column":4},"end":{"line":52,"column":5}},"type":"if","locations":[{"start":{"line":50,"column":4},"end":{"line":52,"column":5}},{"start":{},"end":{}}],"line":50},"1":{"loc":{"start":{"line":54,"column":16},"end":{"line":54,"column":45}},"type":"cond-expr","locations":[{"start":{"line":54,"column":28},"end":{"line":54,"column":37}},{"start":{"line":54,"column":40},"end":{"line":54,"column":45}}],"line":54}},"s":{"0":1,"1":1,"2":1,"3":1,"4":1,"5":1,"6":1,"7":1,"8":1,"9":1,"10":0,"11":0,"12":1,"13":1,"14":1,"15":1,"16":1,"17":1,"18":1,"19":1,"20":1,"21":1,"22":0,"23":0,"24":0,"25":1,"26":1,"27":0,"28":0,"29":0,"30":0,"31":0,"32":0,"33":0,"34":0,"35":0,"36":0,"37":0,"38":0,"39":0,"40":0,"41":1,"42":0,"43":0,"44":0,"45":0,"46":0,"47":0,"48":0,"49":1},"f":{"0":1,"1":1,"2":0,"3":0},"b":{"0":[0,0],"1":[0,0]},"_coverageSchema":"1a1c01bbd47fc00a2c39e90264f33305004495a9","hash":"8c2f0c0f1f320a5a0d056d97106ef91a7f22e2ae"}
,"C:\\Users\\tejas\\Documents\\Chat Gpt\\MERN Projects\\Todo App\\Mern-Todo-App\\utils\\logger.js": {"path":"C:\\Users\\tejas\\Documents\\Chat Gpt\\MERN Projects\\Todo App\\Mern-Todo-App\\utils\\logger.js","statementMap":{"0":{"start":{"line":1,"column":16},"end":{"line":1,"column":34}},"1":{"start":{"line":4,"column":18},"end":{"line":6,"column":2}},"2":{"start":{"line":5,"column":4},"end":{"line":5,"column":63}},"3":{"start":{"line":9,"column":15},"end":{"line":19,"column":2}},"4":{"start":{"line":21,"column":0},"end":{"line":73,"column":4}},"5":{"start":{"line":28,"column":6},"end":{"line":28,"column":86}},"6":{"start":{"line":37,"column":6},"end":{"line":37,"column":84}},"7":{"start":{"line":46,"column":6},"end":{"line":46,"column":75}},"8":{"start":{"line":54,"column":6},"end":{"line":54,"column":109}},"9":{"start":{"line":62,"column":6},"end":{"line":62,"column":57}},"10":{"start":{"line":71,"column":6},"end":{"line":71,"column":87}}},"fnMap":{"0":{"name":"(anonymous_0)","decl":{"start":{"line":4,"column":40},"end":{"line":4,"column":41}},"loc":{"start":{"line":4,"column":75},"end":{"line":6,"column":1}},"line":4},"1":{"name":"(anonymous_1)","decl":{"start":{"line":27,"column":14},"end":{"line":27,"column":15}},"loc":{"start":{"line":27,"column":41},"end":{"line":29,"column":5}},"line":27},"2":{"name":"(anonymous_2)","decl":{"start":{"line":36,"column":12},"end":{"line":36,"column":13}},"loc":{"start":{"line":36,"column":39},"end":{"line":38,"column":5}},"line":36},"3":{"name":"(anonymous_3)","decl":{"start":{"line":45,"column":18},"end":{"line":45,"column":19}},"loc":{"start":{"line":45,"column":35},"end":{"line":47,"column":5}},"line":45},"4":{"name":"(anonymous_4)","decl":{"start":{"line":53,"column":19},"end":{"line":53,"column":20}},"loc":{"start":{"line":53,"column":30},"end":{"line":55,"column":5}},"line":53},"5":{"name":"(anonymous_5)","decl":{"start":{"line":61,"column":20},"end":{"line":61,"column":21}},"loc":{"start":{"line":61,"column":33},"end":{"line":63,"column":5}},"line":61},"6":{"name":"(anonymous_6)","decl":{"start":{"line":70,"column":16},"end":{"line":70,"column":17}},"loc":{"start":{"line":70,"column":34},"end":{"line":72,"column":5}},"line":70}},"branchMap":{},"s":{"0":1,"1":1,"2":9,"3":1,"4":1,"5":2,"6":2,"7":0,"8":0,"9":5,"10":0},"f":{"0":9,"1":2,"2":2,"3":0,"4":0,"5":5,"6":0},"b":{},"_coverageSchema":"1a1c01bbd47fc00a2c39e90264f33305004495a9","hash":"76f5d76e227f822251994c1c0bdfe3d28bf5b238"}
}
